<?xml version="1.0" encoding="UTF-8"?>
<!-- Generated by org.testng.reporters.JUnitXMLReporter -->
<testsuite hostname="Amol-VAIO" ignored="0" name="Test" tests="4" failures="0" timestamp="05 May 2019 05:43:29 GMT" time="0.166" errors="0">
  <testcase name="BrowserLogin" time="0.026" classname="com.automationtest.SeleniumTest"/>
  <testcase name="BrowserTest" time="0.001" classname="com.automationtest.SeleniumTest"/>
  <testcase name="deleteTwitter" time="0.001" classname="com.automationtest.APITest"/>
  <testcase name="postJira" time="0.001" classname="com.automationtest.APITest"/>
</testsuite> <!-- Test -->
