<?xml version="1.0" encoding="UTF-8"?>
<testng-results skipped="0" failed="0" ignored="0" total="2" passed="2">
  <reporter-output>
  </reporter-output>
  <suite name="Surefire suite" duration-ms="129" started-at="2019-05-05T05:50:30Z" finished-at="2019-05-05T05:50:30Z">
    <groups>
    </groups>
    <test name="Surefire test" duration-ms="129" started-at="2019-05-05T05:50:30Z" finished-at="2019-05-05T05:50:30Z">
      <class name="com.automationtest.APITest">
        <test-method status="PASS" signature="deleteTwitter()[pri:0, instance:com.automationtest.APITest@3d8c7aca]" name="deleteTwitter" duration-ms="28" started-at="2019-05-05T05:50:30Z" finished-at="2019-05-05T05:50:30Z">
          <reporter-output>
          </reporter-output>
        </test-method> <!-- deleteTwitter -->
        <test-method status="PASS" signature="postJira()[pri:0, instance:com.automationtest.APITest@3d8c7aca]" name="postJira" duration-ms="0" started-at="2019-05-05T05:50:30Z" finished-at="2019-05-05T05:50:30Z">
          <reporter-output>
          </reporter-output>
        </test-method> <!-- postJira -->
      </class> <!-- com.automationtest.APITest -->
    </test> <!-- Surefire test -->
  </suite> <!-- Surefire suite -->
</testng-results>
