<?xml version="1.0" encoding="UTF-8"?>
<testng-results skipped="0" failed="0" ignored="0" total="2" passed="2">
  <reporter-output>
  </reporter-output>
  <suite name="Default suite" duration-ms="59" started-at="2019-05-05T05:18:18Z" finished-at="2019-05-05T05:18:18Z">
    <groups>
    </groups>
    <test name="Default test" duration-ms="59" started-at="2019-05-05T05:18:18Z" finished-at="2019-05-05T05:18:18Z">
      <class name="com.automationtest.APITest">
        <test-method status="PASS" signature="deleteTwitter()[pri:0, instance:com.automationtest.APITest@5419f379]" name="deleteTwitter" duration-ms="18" started-at="2019-05-05T10:48:18Z" finished-at="2019-05-05T10:48:18Z">
          <reporter-output>
          </reporter-output>
        </test-method> <!-- deleteTwitter -->
        <test-method status="PASS" signature="postJira()[pri:0, instance:com.automationtest.APITest@5419f379]" name="postJira" duration-ms="2" started-at="2019-05-05T10:48:18Z" finished-at="2019-05-05T10:48:18Z">
          <reporter-output>
          </reporter-output>
        </test-method> <!-- postJira -->
      </class> <!-- com.automationtest.APITest -->
    </test> <!-- Default test -->
  </suite> <!-- Default suite -->
</testng-results>
